<?xml version="1.0" encoding="UTF-8"?>
<!-- Generated by org.testng.reporters.JUnitXMLReporter -->
<testsuite ignored="0" hostname="LAPTOP-6MG3FPLQ" failures="0" tests="6" name="Surefire test" time="26.038" errors="0" timestamp="2023-12-11T11:23:25 IST">
  <testcase classname="com.rest.TestRest" name="extract_resp" time="8.89"/>
  <testcase classname="com.rest.TestRest" name="extract_single_resp" time="5.693"/>
  <testcase classname="com.rest.TestRest" name="validate_post_request" time="1.366"/>
  <testcase classname="com.rest.TestRest" name="validate_put_request" time="1.16"/>
  <testcase classname="com.rest.TestRest" name="validate_response" time="3.76"/>
  <testcase classname="com.rest.TestRest" name="validate_response_using_hamcrest" time="3.799"/>
</testsuite> <!-- Surefire test -->
