<?xml version="1.0" encoding="UTF-8"?>
<!-- Generated by org.testng.reporters.JUnitXMLReporter -->
<testsuite ignored="0" hostname="LAPTOP-6MG3FPLQ" failures="0" tests="6" name="Surefire test" time="22.357" errors="0" timestamp="2023-12-12T13:33:35 IST">
  <testcase classname="com.rest.TestRest" name="extract_resp" time="6.667"/>
  <testcase classname="com.rest.TestRest" name="extract_single_resp" time="3.802"/>
  <testcase classname="com.rest.TestRest" name="validate_post_request" time="1.621"/>
  <testcase classname="com.rest.TestRest" name="validate_put_request" time="1.109"/>
  <testcase classname="com.rest.TestRest" name="validate_response" time="2.08"/>
  <testcase classname="com.rest.TestRest" name="validate_response_using_hamcrest" time="2.115"/>
</testsuite> <!-- Surefire test -->
