<?xml version="1.0" encoding="UTF-8"?>
<!-- Generated by org.testng.reporters.JUnitXMLReporter -->
<testsuite ignored="0" hostname="LAPTOP-6MG3FPLQ" failures="0" tests="6" name="Default test" time="20.191" errors="0" timestamp="2023-12-11T08:58:17 IST">
  <testcase classname="com.rest.TestRest" name="extract_resp" time="5.875"/>
  <testcase classname="com.rest.TestRest" name="extract_single_resp" time="3.621"/>
  <testcase classname="com.rest.TestRest" name="validate_post_request" time="1.546"/>
  <testcase classname="com.rest.TestRest" name="validate_put_request" time="1.487"/>
  <testcase classname="com.rest.TestRest" name="validate_response" time="4.341"/>
  <testcase classname="com.rest.TestRest" name="validate_response_using_hamcrest" time="2.471"/>
</testsuite> <!-- Default test -->
