<?xml version="1.0" encoding="UTF-8"?>
<testng-results ignored="0" total="6" passed="6" failed="0" skipped="0">
  <reporter-output>
  </reporter-output>
  <suite started-at="2023-12-11T11:22:59 IST" name="Surefire suite" finished-at="2023-12-11T11:23:25 IST" duration-ms="26038">
    <groups>
    </groups>
    <test started-at="2023-12-11T11:22:59 IST" name="Surefire test" finished-at="2023-12-11T11:23:25 IST" duration-ms="26038">
      <class name="com.rest.TestRest">
        <test-method is-config="true" signature="beforeClass()[pri:0, instance:com.rest.TestRest@28f2a10f]" started-at="2023-12-11T11:22:59 IST" name="beforeClass" finished-at="2023-12-11T11:23:00 IST" duration-ms="992" status="PASS">
          <reporter-output>
          </reporter-output>
        </test-method> <!-- beforeClass -->
        <test-method signature="extract_resp()[pri:0, instance:com.rest.TestRest@28f2a10f]" started-at="2023-12-11T11:23:00 IST" name="extract_resp" finished-at="2023-12-11T11:23:09 IST" duration-ms="8890" status="PASS">
          <reporter-output>
          </reporter-output>
        </test-method> <!-- extract_resp -->
        <test-method signature="extract_single_resp()[pri:0, instance:com.rest.TestRest@28f2a10f]" started-at="2023-12-11T11:23:09 IST" name="extract_single_resp" finished-at="2023-12-11T11:23:15 IST" duration-ms="5693" status="PASS">
          <reporter-output>
          </reporter-output>
        </test-method> <!-- extract_single_resp -->
        <test-method signature="validate_post_request()[pri:0, instance:com.rest.TestRest@28f2a10f]" started-at="2023-12-11T11:23:15 IST" name="validate_post_request" finished-at="2023-12-11T11:23:16 IST" duration-ms="1366" status="PASS">
          <reporter-output>
          </reporter-output>
        </test-method> <!-- validate_post_request -->
        <test-method signature="validate_put_request()[pri:0, instance:com.rest.TestRest@28f2a10f]" started-at="2023-12-11T11:23:16 IST" name="validate_put_request" finished-at="2023-12-11T11:23:17 IST" duration-ms="1160" status="PASS">
          <reporter-output>
          </reporter-output>
        </test-method> <!-- validate_put_request -->
        <test-method signature="validate_response()[pri:0, instance:com.rest.TestRest@28f2a10f]" started-at="2023-12-11T11:23:17 IST" name="validate_response" finished-at="2023-12-11T11:23:21 IST" duration-ms="3760" status="PASS">
          <reporter-output>
          </reporter-output>
        </test-method> <!-- validate_response -->
        <test-method signature="validate_response_using_hamcrest()[pri:0, instance:com.rest.TestRest@28f2a10f]" started-at="2023-12-11T11:23:21 IST" name="validate_response_using_hamcrest" finished-at="2023-12-11T11:23:25 IST" duration-ms="3799" status="PASS">
          <reporter-output>
          </reporter-output>
        </test-method> <!-- validate_response_using_hamcrest -->
      </class> <!-- com.rest.TestRest -->
    </test> <!-- Surefire test -->
  </suite> <!-- Surefire suite -->
</testng-results>
