<?xml version="1.0" encoding="UTF-8"?>
<testng-results ignored="0" total="6" passed="6" failed="0" skipped="0">
  <reporter-output>
  </reporter-output>
  <suite started-at="2023-12-12T13:33:13 IST" name="Surefire suite" finished-at="2023-12-12T13:33:35 IST" duration-ms="22357">
    <groups>
    </groups>
    <test started-at="2023-12-12T13:33:13 IST" name="Surefire test" finished-at="2023-12-12T13:33:35 IST" duration-ms="22357">
      <class name="com.rest.TestRest">
        <test-method is-config="true" signature="beforeClass()[pri:0, instance:com.rest.TestRest@55ecbafe]" started-at="2023-12-12T13:33:13 IST" name="beforeClass" finished-at="2023-12-12T13:33:15 IST" duration-ms="2223" status="PASS">
          <reporter-output>
          </reporter-output>
        </test-method> <!-- beforeClass -->
        <test-method signature="extract_resp()[pri:0, instance:com.rest.TestRest@55ecbafe]" started-at="2023-12-12T13:33:15 IST" name="extract_resp" finished-at="2023-12-12T13:33:22 IST" duration-ms="6667" status="PASS">
          <reporter-output>
          </reporter-output>
        </test-method> <!-- extract_resp -->
        <test-method signature="extract_single_resp()[pri:0, instance:com.rest.TestRest@55ecbafe]" started-at="2023-12-12T13:33:25 IST" name="extract_single_resp" finished-at="2023-12-12T13:33:28 IST" duration-ms="3802" status="PASS">
          <reporter-output>
          </reporter-output>
        </test-method> <!-- extract_single_resp -->
        <test-method signature="validate_post_request()[pri:0, instance:com.rest.TestRest@55ecbafe]" started-at="2023-12-12T13:33:28 IST" name="validate_post_request" finished-at="2023-12-12T13:33:30 IST" duration-ms="1621" status="PASS">
          <reporter-output>
          </reporter-output>
        </test-method> <!-- validate_post_request -->
        <test-method signature="validate_put_request()[pri:0, instance:com.rest.TestRest@55ecbafe]" started-at="2023-12-12T13:33:30 IST" name="validate_put_request" finished-at="2023-12-12T13:33:31 IST" duration-ms="1109" status="PASS">
          <reporter-output>
          </reporter-output>
        </test-method> <!-- validate_put_request -->
        <test-method signature="validate_response()[pri:0, instance:com.rest.TestRest@55ecbafe]" started-at="2023-12-12T13:33:31 IST" name="validate_response" finished-at="2023-12-12T13:33:33 IST" duration-ms="2080" status="PASS">
          <reporter-output>
          </reporter-output>
        </test-method> <!-- validate_response -->
        <test-method signature="validate_response_using_hamcrest()[pri:0, instance:com.rest.TestRest@55ecbafe]" started-at="2023-12-12T13:33:33 IST" name="validate_response_using_hamcrest" finished-at="2023-12-12T13:33:35 IST" duration-ms="2115" status="PASS">
          <reporter-output>
          </reporter-output>
        </test-method> <!-- validate_response_using_hamcrest -->
      </class> <!-- com.rest.TestRest -->
    </test> <!-- Surefire test -->
  </suite> <!-- Surefire suite -->
</testng-results>
