<?xml version="1.0" encoding="UTF-8"?>
<testng-results ignored="0" total="6" passed="6" failed="0" skipped="0">
  <reporter-output>
  </reporter-output>
  <suite started-at="2023-12-11T09:46:44 IST" name="Suite" finished-at="2023-12-11T09:47:23 IST" duration-ms="39118">
    <groups>
    </groups>
    <test started-at="2023-12-11T09:46:44 IST" name="Test" finished-at="2023-12-11T09:47:23 IST" duration-ms="39118">
      <class name="com.rest.TestRest">
        <test-method is-config="true" signature="beforeClass()[pri:0, instance:com.rest.TestRest@21ba0741]" started-at="2023-12-11T09:46:44 IST" name="beforeClass" finished-at="2023-12-11T09:46:45 IST" duration-ms="548" status="PASS">
          <reporter-output>
          </reporter-output>
        </test-method> <!-- beforeClass -->
        <test-method signature="extract_resp()[pri:0, instance:com.rest.TestRest@21ba0741]" started-at="2023-12-11T09:46:45 IST" name="extract_resp" finished-at="2023-12-11T09:46:52 IST" duration-ms="7546" status="PASS">
          <reporter-output>
          </reporter-output>
        </test-method> <!-- extract_resp -->
        <test-method signature="extract_single_resp()[pri:0, instance:com.rest.TestRest@21ba0741]" started-at="2023-12-11T09:46:52 IST" name="extract_single_resp" finished-at="2023-12-11T09:47:02 IST" duration-ms="10238" status="PASS">
          <reporter-output>
          </reporter-output>
        </test-method> <!-- extract_single_resp -->
        <test-method signature="validate_post_request()[pri:0, instance:com.rest.TestRest@21ba0741]" started-at="2023-12-11T09:47:02 IST" name="validate_post_request" finished-at="2023-12-11T09:47:04 IST" duration-ms="1446" status="PASS">
          <reporter-output>
          </reporter-output>
        </test-method> <!-- validate_post_request -->
        <test-method signature="validate_put_request()[pri:0, instance:com.rest.TestRest@21ba0741]" started-at="2023-12-11T09:47:04 IST" name="validate_put_request" finished-at="2023-12-11T09:47:05 IST" duration-ms="1389" status="PASS">
          <reporter-output>
          </reporter-output>
        </test-method> <!-- validate_put_request -->
        <test-method signature="validate_response()[pri:0, instance:com.rest.TestRest@21ba0741]" started-at="2023-12-11T09:47:05 IST" name="validate_response" finished-at="2023-12-11T09:47:15 IST" duration-ms="10098" status="PASS">
          <reporter-output>
          </reporter-output>
        </test-method> <!-- validate_response -->
        <test-method signature="validate_response_using_hamcrest()[pri:0, instance:com.rest.TestRest@21ba0741]" started-at="2023-12-11T09:47:15 IST" name="validate_response_using_hamcrest" finished-at="2023-12-11T09:47:23 IST" duration-ms="7649" status="PASS">
          <reporter-output>
          </reporter-output>
        </test-method> <!-- validate_response_using_hamcrest -->
      </class> <!-- com.rest.TestRest -->
    </test> <!-- Test -->
  </suite> <!-- Suite -->
</testng-results>
